Performing C SOURCE FILE Test HAVE_C_SHIFT_OR_OPTIMIZATION_BUG failed with the following compile output:
Change Dir: /home/hubert/Course/mysql-server-5.7/build/CMakeFiles/CMakeTmp

Run Build Command(s):/usr/bin/make cmTC_8db8c/fast && /usr/bin/make -f CMakeFiles/cmTC_8db8c.dir/build.make CMakeFiles/cmTC_8db8c.dir/build
make[1]: 进入目录“/home/hubert/Course/mysql-server-5.7/build/CMakeFiles/CMakeTmp”
Building C object CMakeFiles/cmTC_8db8c.dir/src.c.o
/usr/bin/gcc   -DHAVE_C_SHIFT_OR_OPTIMIZATION_BUG  -O3 -fexpensive-optimizations   -o CMakeFiles/cmTC_8db8c.dir/src.c.o   -c /home/hubert/Course/mysql-server-5.7/build/CMakeFiles/CMakeTmp/src.c
Linking C executable cmTC_8db8c
/usr/bin/cmake -E cmake_link_script CMakeFiles/cmTC_8db8c.dir/link.txt --verbose=1
/usr/bin/gcc  -DHAVE_C_SHIFT_OR_OPTIMIZATION_BUG  -O3 -fexpensive-optimizations    -rdynamic CMakeFiles/cmTC_8db8c.dir/src.c.o  -o cmTC_8db8c 
make[1]: 离开目录“/home/hubert/Course/mysql-server-5.7/build/CMakeFiles/CMakeTmp”


...and run output:

Return value: 1
Source file was:

  struct X
  {
    int i;
    unsigned short s;
  };

  unsigned __attribute__((noinline)) f(struct X x)
  {
    return x.s | (x.i << 16);
  }

  int
  main()
  {
    struct X x;
    x.i = 0x00001234;
    x.s = 0x5678;
    unsigned y = f(x);
    /* Succeed (return 0) if compiler have bug */
    return y == 0x12345678 ? 1 : 0;
  }

Performing C++ SOURCE FILE Test HAVE_CXX_SHIFT_OR_OPTIMIZATION_BUG failed with the following output:
Change Dir: /home/hubert/Course/mysql-server-5.7/build/CMakeFiles/CMakeTmp

Run Build Command(s):/usr/bin/make cmTC_de9c4/fast && /usr/bin/make -f CMakeFiles/cmTC_de9c4.dir/build.make CMakeFiles/cmTC_de9c4.dir/build
make[1]: 进入目录“/home/hubert/Course/mysql-server-5.7/build/CMakeFiles/CMakeTmp”
Building CXX object CMakeFiles/cmTC_de9c4.dir/src.cxx.o
/usr/bin/g++    -DHAVE_CXX_SHIFT_OR_OPTIMIZATION_BUG  -O3 -fexpensive-optimizations   -o CMakeFiles/cmTC_de9c4.dir/src.cxx.o -c /home/hubert/Course/mysql-server-5.7/build/CMakeFiles/CMakeTmp/src.cxx
Linking CXX executable cmTC_de9c4
/usr/bin/cmake -E cmake_link_script CMakeFiles/cmTC_de9c4.dir/link.txt --verbose=1
/usr/bin/g++   -DHAVE_CXX_SHIFT_OR_OPTIMIZATION_BUG  -O3 -fexpensive-optimizations    -rdynamic CMakeFiles/cmTC_de9c4.dir/src.cxx.o  -o cmTC_de9c4 
make[1]: 离开目录“/home/hubert/Course/mysql-server-5.7/build/CMakeFiles/CMakeTmp”


...and run output:

Return value: 1
Source file was:

  struct X
  {
    int i;
    unsigned short s;
  };

  unsigned __attribute__((noinline)) f(struct X x)
  {
    return x.s | (x.i << 16);
  }

  int
  main()
  {
    struct X x;
    x.i = 0x00001234;
    x.s = 0x5678;
    unsigned y = f(x);
    /* Succeed (return 0) if compiler have bug */
    return y == 0x12345678 ? 1 : 0;
  }

Performing C SOURCE FILE Test HAVE_C_FLOATING_POINT_FUSED_MADD failed with the following compile output:
Change Dir: /home/hubert/Course/mysql-server-5.7/build/CMakeFiles/CMakeTmp

Run Build Command(s):/usr/bin/make cmTC_c298f/fast && /usr/bin/make -f CMakeFiles/cmTC_c298f.dir/build.make CMakeFiles/cmTC_c298f.dir/build
make[1]: 进入目录“/home/hubert/Course/mysql-server-5.7/build/CMakeFiles/CMakeTmp”
Building C object CMakeFiles/cmTC_c298f.dir/src.c.o
/usr/bin/gcc   -DHAVE_C_FLOATING_POINT_FUSED_MADD  -O3   -o CMakeFiles/cmTC_c298f.dir/src.c.o   -c /home/hubert/Course/mysql-server-5.7/build/CMakeFiles/CMakeTmp/src.c
Linking C executable cmTC_c298f
/usr/bin/cmake -E cmake_link_script CMakeFiles/cmTC_c298f.dir/link.txt --verbose=1
/usr/bin/gcc  -DHAVE_C_FLOATING_POINT_FUSED_MADD  -O3    -rdynamic CMakeFiles/cmTC_c298f.dir/src.c.o  -o cmTC_c298f 
make[1]: 离开目录“/home/hubert/Course/mysql-server-5.7/build/CMakeFiles/CMakeTmp”


...and run output:

Return value: 1
Source file was:

  int main (int argc, char **argv)
  {
    double n[21] = { 0, 0, 0, 0, 0, 0, 0, 0, 0, 0,
                     0, 0, 0, 1, 1, 1, 1, 1, 1, 1,1 };
    double m= 0, s= 0;
    int i;
    for(i= 0; i < 21; i++)
    {
      double m_kminusone= m;
      m= m_kminusone + (n[i] - m_kminusone) / (double) (i + 2);
      s= s + (n[i] - m_kminusone) * (n[i] - m);
    }
    /*
      s should now be either 5e 74 d1 45 17 5d 14 40 or
      40 14 5d 17 45 d1 74 5e, depending on endianness. If the floating point
      operations are optimized with fused multiply-add instructions, the least
      significant byte is 5d instead of 5e.
    */
    return (*(unsigned char*)(&s) == 0x5e ||
            *((unsigned char*)(&s) + 7) == 0x5e);
  }
Performing C++ SOURCE FILE Test HAVE_CXX_FLOATING_POINT_FUSED_MADD failed with the following output:
Change Dir: /home/hubert/Course/mysql-server-5.7/build/CMakeFiles/CMakeTmp

Run Build Command(s):/usr/bin/make cmTC_74a90/fast && /usr/bin/make -f CMakeFiles/cmTC_74a90.dir/build.make CMakeFiles/cmTC_74a90.dir/build
make[1]: 进入目录“/home/hubert/Course/mysql-server-5.7/build/CMakeFiles/CMakeTmp”
Building CXX object CMakeFiles/cmTC_74a90.dir/src.cxx.o
/usr/bin/g++    -DHAVE_CXX_FLOATING_POINT_FUSED_MADD  -O3   -o CMakeFiles/cmTC_74a90.dir/src.cxx.o -c /home/hubert/Course/mysql-server-5.7/build/CMakeFiles/CMakeTmp/src.cxx
Linking CXX executable cmTC_74a90
/usr/bin/cmake -E cmake_link_script CMakeFiles/cmTC_74a90.dir/link.txt --verbose=1
/usr/bin/g++   -DHAVE_CXX_FLOATING_POINT_FUSED_MADD  -O3    -rdynamic CMakeFiles/cmTC_74a90.dir/src.cxx.o  -o cmTC_74a90 
make[1]: 离开目录“/home/hubert/Course/mysql-server-5.7/build/CMakeFiles/CMakeTmp”


...and run output:

Return value: 1
Source file was:

  int main (int argc, char **argv)
  {
    double n[21] = { 0, 0, 0, 0, 0, 0, 0, 0, 0, 0,
                     0, 0, 0, 1, 1, 1, 1, 1, 1, 1,1 };
    double m= 0, s= 0;
    int i;
    for(i= 0; i < 21; i++)
    {
      double m_kminusone= m;
      m= m_kminusone + (n[i] - m_kminusone) / (double) (i + 2);
      s= s + (n[i] - m_kminusone) * (n[i] - m);
    }
    /*
      s should now be either 5e 74 d1 45 17 5d 14 40 or
      40 14 5d 17 45 d1 74 5e, depending on endianness. If the floating point
      operations are optimized with fused multiply-add instructions, the least
      significant byte is 5d instead of 5e.
    */
    return (*(unsigned char*)(&s) == 0x5e ||
            *((unsigned char*)(&s) + 7) == 0x5e);
  }
